<?xml version="1.0" encoding="UTF-8"?>
<!-- Generated by org.testng.reporters.JUnitReportReporter -->
<testsuite hostname="DESKTOP-N8EPBS5" failures="0" tests="1" name="Rest_Assured.Get_Method2" time="11.000" errors="0" timestamp="2024-04-18T16:54:09 IST" skipped="0">
  <testcase classname="Rest_Assured.Get_Method2" name="test1" time="11.000"/>
</testsuite> <!-- Rest_Assured.Get_Method2 -->
