<?xml version="1.0" encoding="UTF-8"?>
<!-- Generated by org.testng.reporters.JUnitReportReporter -->
<testsuite hostname="DESKTOP-N8EPBS5" failures="0" tests="1" name="Rest_Assured.Get_method" time="15.065" errors="0" timestamp="2024-04-16T15:31:11 IST" skipped="0">
  <testcase classname="Rest_Assured.Get_method" name="test_1" time="15.065"/>
</testsuite> <!-- Rest_Assured.Get_method -->
