<?xml version="1.0" encoding="UTF-8"?>
<!-- Generated by org.testng.reporters.JUnitReportReporter -->
<testsuite hostname="DESKTOP-N8EPBS5" failures="0" tests="1" name="Rest_Assured.Post_method" time="9.168" errors="0" timestamp="2024-04-16T16:11:15 IST" skipped="0">
  <testcase classname="Rest_Assured.Post_method" name="test_1_post" time="9.168"/>
</testsuite> <!-- Rest_Assured.Post_method -->
