<?xml version="1.0" encoding="UTF-8"?>
<!-- Generated by org.testng.reporters.JUnitReportReporter -->
<testsuite hostname="DESKTOP-N8EPBS5" failures="0" tests="1" name="Rest_Assured.Post_method2" time="10.639" errors="0" timestamp="2024-04-18T17:21:37 IST" skipped="0">
  <testcase classname="Rest_Assured.Post_method2" name="test1" time="10.639"/>
</testsuite> <!-- Rest_Assured.Post_method2 -->
